{
  "stats": {
    "suites": 1,
    "tests": 3,
    "passes": 3,
    "pending": 0,
    "failures": 0,
    "start": "2021-03-23T17:02:55.453Z",
    "end": "2021-03-23T17:03:05.215Z",
    "duration": 9762,
    "testsRegistered": 3,
    "passPercent": 100,
    "pendingPercent": 0,
    "other": 0,
    "hasOther": false,
    "skipped": 0,
    "hasSkipped": false
  },
  "results": [
    {
      "uuid": "d21769dc-7e02-441d-bac6-6f6b9c093dbf",
      "title": "",
      "fullFile": "cypress\\integration\\myTest.spec.js",
      "file": "cypress\\integration\\myTest.spec.js",
      "beforeHooks": [],
      "afterHooks": [],
      "tests": [],
      "suites": [
        {
          "uuid": "29e9e60f-4f1a-4965-b72c-96ef793baf0e",
          "title": "My HTML/JS Tests",
          "fullFile": "",
          "file": "",
          "beforeHooks": [],
          "afterHooks": [],
          "tests": [
            {
              "title": "good addition in calculatriceV3.html",
              "fullTitle": "My HTML/JS Tests good addition in calculatriceV3.html",
              "timedOut": null,
              "duration": 3874,
              "state": "passed",
              "speed": "slow",
              "pass": true,
              "fail": false,
              "pending": false,
              "context": null,
              "code": "//partir de index.html\ncy.visit(\"http://localhost:3000/index.html\"); //cliquer sur le lien comportant 'calculatriceV3'\ncy.contains('calculatriceV3').click();\ncy.wait(50); // Should be on a new URL which includes '/calculatrice'\ncy.url().should('include', '/calculatrice'); // Get an input, type data into it \n//and verify that the value has been updated\ncy.get('#a').type('5').should('have.value', '5');\ncy.get('#b').type('6').should('have.value', '6'); //declencher click sur bouton addition\ncy.get('#btn_op_addition').click(); //vérifier que la zone d'id spanRes comporte le texte '11'\ncy.get('#spanRes').should('have.text', '11');",
              "err": {},
              "uuid": "105c56bd-dd31-497a-af8a-92720d2a574a",
              "parentUUID": "29e9e60f-4f1a-4965-b72c-96ef793baf0e",
              "isHook": false,
              "skipped": false
            },
            {
              "title": "good multiplication in calculatriceV3.html",
              "fullTitle": "My HTML/JS Tests good multiplication in calculatriceV3.html",
              "timedOut": null,
              "duration": 2035,
              "state": "passed",
              "speed": "slow",
              "pass": true,
              "fail": false,
              "pending": false,
              "context": null,
              "code": "//visiter calculatriceV3.html\ncy.visit(\"http://localhost:3000/calculatriceV3.html\");\ncy.get('#a').type('3').should('have.value', '3');\ncy.get('#b').type('4').should('have.value', '4'); //declencher click sur bouton multiplication\n//cy.get('#btn_op_multiplication').click()\ncy.get('#btn_op_multiplication').trigger(\"click\"); //vérifier que la zone d'id spanRes comporte le texte '12'\ncy.get('#spanRes').should('have.text', '12');",
              "err": {},
              "uuid": "72b7adf0-f759-4136-8f12-7db5b0308689",
              "parentUUID": "29e9e60f-4f1a-4965-b72c-96ef793baf0e",
              "isHook": false,
              "skipped": false
            },
            {
              "title": "Historique cache ou bien affiche",
              "fullTitle": "My HTML/JS Tests Historique cache ou bien affiche",
              "timedOut": null,
              "duration": 2023,
              "state": "passed",
              "speed": "slow",
              "pass": true,
              "fail": false,
              "pending": false,
              "context": null,
              "code": "//visiter calculatriceV3.html\ncy.visit(\"http://localhost:3000/calculatriceV3.html\");\ncy.get('#a').type('2');\ncy.get('#b').type('3');\ncy.get('#btn_op_addition').click();\ncy.get('#spanRes').should('have.text', '5');\ncy.get(\"#cbHisto\").check();\ncy.get(\"#ulHistorique\").should('be.visible'); //ok meme si display:block\ncy.get(\"#cbHisto\").uncheck();\ncy.get(\"#ulHistorique\").should('be.hidden'); //ok meme si display:none",
              "err": {},
              "uuid": "b7d66aad-3b82-447c-8bb6-66e86d604468",
              "parentUUID": "29e9e60f-4f1a-4965-b72c-96ef793baf0e",
              "isHook": false,
              "skipped": false
            }
          ],
          "suites": [],
          "passes": [
            "105c56bd-dd31-497a-af8a-92720d2a574a",
            "72b7adf0-f759-4136-8f12-7db5b0308689",
            "b7d66aad-3b82-447c-8bb6-66e86d604468"
          ],
          "failures": [],
          "pending": [],
          "skipped": [],
          "duration": 7932,
          "root": false,
          "rootEmpty": false,
          "_timeout": 2000
        }
      ],
      "passes": [],
      "failures": [],
      "pending": [],
      "skipped": [],
      "duration": 0,
      "root": true,
      "rootEmpty": true,
      "_timeout": 2000
    }
  ],
  "meta": {
    "mocha": {
      "version": "7.0.1"
    },
    "mochawesome": {
      "options": {
        "quiet": false,
        "reportFilename": "mochawesome",
        "saveHtml": false,
        "saveJson": true,
        "consoleReporter": "spec",
        "useInlineDiffs": false,
        "code": true
      },
      "version": "6.2.2"
    },
    "marge": {
      "options": {
        "reportDir": "cypress/report/mochawesome-report",
        "overwrite": false,
        "html": false,
        "json": true,
        "timestamp": "mmddyyyy_HHMMss"
      },
      "version": "5.2.0"
    }
  }
}